\BOOKMARK [0][]{chapter.1}{1 简介}{}% 1
\BOOKMARK [0][]{chapter.2}{2 Python及需要的安装包}{}% 2
\BOOKMARK [1][]{section.2.1}{2.1 NumPy和SciPy}{chapter.2}% 3
\BOOKMARK [2][]{subsection.2.1.1}{2.1.1\040Windows}{section.2.1}% 4
\BOOKMARK [2][]{subsection.2.1.2}{2.1.2\040OSX}{section.2.1}% 5
\BOOKMARK [2][]{subsection.2.1.3}{2.1.3\040Linux}{section.2.1}% 6
\BOOKMARK [1][]{section.2.2}{2.2\040Matplotlib}{chapter.2}% 7
\BOOKMARK [2][]{subsection.2.2.1}{2.2.1 全平台}{section.2.2}% 8
\BOOKMARK [1][]{section.2.3}{2.3\040OpenCV}{chapter.2}% 9
\BOOKMARK [2][]{subsection.2.3.1}{2.3.1 Windows和linux}{section.2.3}% 10
\BOOKMARK [2][]{subsection.2.3.2}{2.3.2\040OSX}{section.2.3}% 11
\BOOKMARK [1][]{section.2.4}{2.4\040Mahotas}{chapter.2}% 12
\BOOKMARK [2][]{subsection.2.4.1}{2.4.1 全平台}{section.2.4}% 13
\BOOKMARK [2][]{subsection.2.4.2}{2.4.2 跳过安装}{section.2.4}% 14
\BOOKMARK [0][]{chapter.3}{3 载入、显示及保存}{}% 15
\BOOKMARK [0][]{chapter.4}{4 图像基础}{}% 16
\BOOKMARK [1][]{subsection.4.0.3}{4.0.3 那么，什么是像素？}{chapter.4}% 17
\BOOKMARK [2][]{subsection.4.0.4}{4.0.4 坐标系统概览}{subsection.4.0.3}% 18
\BOOKMARK [2][]{subsection.4.0.5}{4.0.5 访问和处理像素}{subsection.4.0.3}% 19
\BOOKMARK [0][]{chapter.5}{5 画图}{}% 20
\BOOKMARK [1][]{section.5.1}{5.1 直线和矩形}{chapter.5}% 21
\BOOKMARK [0][]{chapter*.10}{参考文献}{}% 22
